<?xml version="1.0" encoding="UTF-8"?>
<!-- Generated by org.testng.reporters.JUnitReportReporter -->
<testsuite skipped="0" hostname="DESKTOP-9FGUM7T" name="com.capgemini.runner.MyRunner" tests="1" failures="0" timestamp="03 May 2020 15:07:56 GMT" time="31.209" errors="0">
  <testcase name="feature" time="31.209" classname="com.capgemini.runner.MyRunner"/>
</testsuite> <!-- com.capgemini.runner.MyRunner -->
